manifest-merger-release-report.txt
-- Merging decision tree log ---
manifest
ADDED from AndroidManifest.xml:2:1
	xmlns:android
		ADDED from AndroidManifest.xml:2:11
	package
		ADDED from AndroidManifest.xml:3:5
		INJECTED from AndroidManifest.xml:0:0
		INJECTED from AndroidManifest.xml:0:0
	android:versionName
		INJECTED from AndroidManifest.xml:0:0
		INJECTED from AndroidManifest.xml:0:0
	android:versionCode
		INJECTED from AndroidManifest.xml:0:0
		INJECTED from AndroidManifest.xml:0:0
uses-permission#android.permission.READ_CALENDAR
ADDED from AndroidManifest.xml:5:5
	android:name
		ADDED from AndroidManifest.xml:5:22
uses-permission#android.permission.WRITE_CALENDAR
ADDED from AndroidManifest.xml:6:5
	android:name
		ADDED from AndroidManifest.xml:6:22
application
ADDED from AndroidManifest.xml:8:5
MERGED from List:lib-core:unspecified:26:5
MERGED from List:lib-manipulation:unspecified:26:5
MERGED from List:lib-core:unspecified:26:5
	android:label
		ADDED from AndroidManifest.xml:11:9
	android:allowBackup
		ADDED from AndroidManifest.xml:9:9
	android:icon
		ADDED from AndroidManifest.xml:10:9
	android:theme
		ADDED from AndroidManifest.xml:12:9
activity#com.bearsonsoftware.list.ui.NoteListActivity
ADDED from AndroidManifest.xml:13:9
	android:windowSoftInputMode
		ADDED from AndroidManifest.xml:15:13
	android:label
		ADDED from AndroidManifest.xml:17:13
	android:hardwareAccelerated
		ADDED from AndroidManifest.xml:16:13
	android:name
		ADDED from AndroidManifest.xml:14:13
intent-filter#android.intent.action.MAIN+android.intent.category.LAUNCHER
ADDED from AndroidManifest.xml:18:13
action#android.intent.action.MAIN
ADDED from AndroidManifest.xml:19:17
	android:name
		ADDED from AndroidManifest.xml:19:25
category#android.intent.category.LAUNCHER
ADDED from AndroidManifest.xml:21:17
	android:name
		ADDED from AndroidManifest.xml:21:27
activity#com.bearsonsoftware.list.ui.NoteActivity
ADDED from AndroidManifest.xml:25:9
	android:windowSoftInputMode
		ADDED from AndroidManifest.xml:26:13
	android:label
		ADDED from AndroidManifest.xml:25:19
	android:name
		ADDED from AndroidManifest.xml:25:52
activity#com.bearsonsoftware.list.ui.OptionsActivity
ADDED from AndroidManifest.xml:28:9
	android:windowSoftInputMode
		ADDED from AndroidManifest.xml:29:13
	android:label
		ADDED from AndroidManifest.xml:28:19
	android:name
		ADDED from AndroidManifest.xml:28:52
activity#com.bearsonsoftware.list.ui.SelectThemeActivity
ADDED from AndroidManifest.xml:31:9
	android:windowSoftInputMode
		ADDED from AndroidManifest.xml:32:13
	android:label
		ADDED from AndroidManifest.xml:31:19
	android:name
		ADDED from AndroidManifest.xml:31:52
uses-sdk
INJECTED from AndroidManifest.xml:0:0 reason: use-sdk injection requested
MERGED from List:lib-core:unspecified:22:5
MERGED from List:lib-manipulation:unspecified:22:5
MERGED from List:lib-core:unspecified:22:5
	android:targetSdkVersion
		INJECTED from AndroidManifest.xml:0:0
		INJECTED from AndroidManifest.xml:0:0
	android:minSdkVersion
		INJECTED from AndroidManifest.xml:0:0
		INJECTED from AndroidManifest.xml:0:0
activity#com.nhaarman.listviewanimations.itemmanipulation.swipedismiss.SwipeTouchListenerTestActivity
ADDED from List:lib-manipulation:unspecified:27:9
	android:name
		ADDED from List:lib-manipulation:unspecified:27:19
activity#com.nhaarman.listviewanimations.itemmanipulation.dragdrop.DynamicListViewTestActivity
ADDED from List:lib-manipulation:unspecified:28:9
	android:name
		ADDED from List:lib-manipulation:unspecified:28:19